Drill report for esp_Extension.kicad_pcb
Created on 2024-12-21T10:40:39+0530

Copper Layer Stackup:
    =============================================================
    L1 :  F.Cu                      front
    L2 :  B.Cu                      back


Drill file 'esp_Extension-PTH.drl' contains
    plated through holes:
    =============================================================
    T1  0.300mm  0.0118"  (6 holes)
    T2  0.800mm  0.0315"  (2 holes)
    T3  0.900mm  0.0354"  (2 holes)
    T4  1.000mm  0.0394"  (95 holes)
    T5  1.100mm  0.0433"  (4 holes)
    T6  1.300mm  0.0512"  (16 holes)

    Total plated holes count 125


Drill file 'esp_Extension-NPTH.drl' contains
    unplated through holes:
    =============================================================

    Total unplated holes count 0
